This is pdfTeX, Version 3.14159265-2.6-1.40.21 (MiKTeX 21.1) (preloaded format=pdflatex 2021.1.19)  2 MAR 2021 23:53
entering extended mode
**"c:/Users/kumal/Documents/ASU Courses/CSE471/Homeworks/Homework 4/Homework4.tex"
("c:/Users/kumal/Documents/ASU Courses/CSE471/Homeworks/Homework 4/Homework4.tex"
LaTeX2e <2020-10-01> patch level 4
L3 programming layer <2021-01-09> xparse <2020-03-03> (C:\Users\kumal\AppData\Local\Programs\MiKTeX\tex/latex/base\article.cls
Document Class: article 2020/04/10 v1.4m Standard LaTeX document class
(C:\Users\kumal\AppData\Local\Programs\MiKTeX\tex/latex/base\size12.clo
File: size12.clo 2020/04/10 v1.4m Standard LaTeX file (size option)
)
\c@part=\count177
\c@section=\count178
\c@subsection=\count179
\c@subsubsection=\count180
\c@paragraph=\count181
\c@subparagraph=\count182
\c@figure=\count183
\c@table=\count184
\abovecaptionskip=\skip47
\belowcaptionskip=\skip48
\bibindent=\dimen138
) (C:\Users\kumal\AppData\Local\Programs\MiKTeX\tex/latex/float\float.sty
Package: float 2001/11/08 v1.3d Float enhancements (AL)
\c@float@type=\count185
\float@exts=\toks15
\float@box=\box47
\@float@everytoks=\toks16
\@floatcapt=\box48
) (C:\Users\kumal\AppData\Local\Programs\MiKTeX\tex/latex/graphics\graphicx.sty
Package: graphicx 2020/09/09 v1.2b Enhanced LaTeX Graphics (DPC,SPQR)
 (C:\Users\kumal\AppData\Local\Programs\MiKTeX\tex/latex/graphics\keyval.sty
Package: keyval 2014/10/28 v1.15 key=value parser (DPC)
\KV@toks@=\toks17
) (C:\Users\kumal\AppData\Local\Programs\MiKTeX\tex/latex/graphics\graphics.sty
Package: graphics 2020/08/30 v1.4c Standard LaTeX Graphics (DPC,SPQR)
 (C:\Users\kumal\AppData\Local\Programs\MiKTeX\tex/latex/graphics\trig.sty
Package: trig 2016/01/03 v1.10 sin cos tan (DPC)
) (C:\Users\kumal\AppData\Local\Programs\MiKTeX\tex/latex/graphics-cfg\graphics.cfg
File: graphics.cfg 2016/06/04 v1.11 sample graphics configuration
)
Package graphics Info: Driver file: pdftex.def on input line 105.
 (C:\Users\kumal\AppData\Local\Programs\MiKTeX\tex/latex/graphics-def\pdftex.def
File: pdftex.def 2020/10/05 v1.2a Graphics/color driver for pdftex
))
\Gin@req@height=\dimen139
\Gin@req@width=\dimen140
) (C:\Users\kumal\AppData\Local\Programs\MiKTeX\tex/latex/amsfonts\amssymb.sty
Package: amssymb 2013/01/14 v3.01 AMS font symbols
 (C:\Users\kumal\AppData\Local\Programs\MiKTeX\tex/latex/amsfonts\amsfonts.sty
Package: amsfonts 2013/01/14 v3.01 Basic AMSFonts support
\@emptytoks=\toks18
\symAMSa=\mathgroup4
\symAMSb=\mathgroup5
LaTeX Font Info:    Redeclaring math symbol \hbar on input line 98.
LaTeX Font Info:    Overwriting math alphabet `\mathfrak' in version `bold'
(Font)                  U/euf/m/n --> U/euf/b/n on input line 106.
)) (C:\Users\kumal\AppData\Local\Programs\MiKTeX\tex/latex/l3backend\l3backend-pdftex.def
File: l3backend-pdftex.def 2021-01-09 L3 backend support: PDF output (pdfTeX)
\l__kernel_color_stack_int=\count186
\l__pdf_internal_box=\box49
) ("c:/Users\kumal\Documents\ASU Courses\CSE471\Homeworks\Homework 4\Homework4.aux")
\openout1 = `Homework4.aux'.

LaTeX Font Info:    Checking defaults for OML/cmm/m/it on input line 9.
LaTeX Font Info:    ... okay on input line 9.
LaTeX Font Info:    Checking defaults for OMS/cmsy/m/n on input line 9.
LaTeX Font Info:    ... okay on input line 9.
LaTeX Font Info:    Checking defaults for OT1/cmr/m/n on input line 9.
LaTeX Font Info:    ... okay on input line 9.
LaTeX Font Info:    Checking defaults for T1/cmr/m/n on input line 9.
LaTeX Font Info:    ... okay on input line 9.
LaTeX Font Info:    Checking defaults for TS1/cmr/m/n on input line 9.
LaTeX Font Info:    ... okay on input line 9.
LaTeX Font Info:    Checking defaults for OMX/cmex/m/n on input line 9.
LaTeX Font Info:    ... okay on input line 9.
LaTeX Font Info:    Checking defaults for U/cmr/m/n on input line 9.
LaTeX Font Info:    ... okay on input line 9.
 (C:\Users\kumal\AppData\Local\Programs\MiKTeX\tex/context/base/mkii\supp-pdf.mkii
[Loading MPS to PDF converter (version 2006.09.02).]
\scratchcounter=\count187
\scratchdimen=\dimen141
\scratchbox=\box50
\nofMPsegments=\count188
\nofMParguments=\count189
\everyMPshowfont=\toks19
\MPscratchCnt=\count190
\MPscratchDim=\dimen142
\MPnumerator=\count191
\makeMPintoPDFobject=\count192
\everyMPtoPDFconversion=\toks20
) (C:\Users\kumal\AppData\Local\Programs\MiKTeX\tex/latex/epstopdf-pkg\epstopdf-base.sty
Package: epstopdf-base 2020-01-24 v2.11 Base part for package epstopdf
Package epstopdf-base Info: Redefining graphics rule for `.eps' on input line 485.
)
LaTeX Font Info:    Trying to load font information for U+msa on input line 10.
 (C:\Users\kumal\AppData\Local\Programs\MiKTeX\tex/latex/amsfonts\umsa.fd
File: umsa.fd 2013/01/14 v3.01 AMS symbols A
)
LaTeX Font Info:    Trying to load font information for U+msb on input line 10.
 (C:\Users\kumal\AppData\Local\Programs\MiKTeX\tex/latex/amsfonts\umsb.fd
File: umsb.fd 2013/01/14 v3.01 AMS symbols B
) [1

{C:/Users/kumal/AppData/Local/MiKTeX/pdftex/config/pdftex.map}] [2] [3]
Overfull \hbox (6.49693pt too wide) in paragraph at lines 165--230
\OMS/cmsy/m/n/12 :\OML/cmm/m/it/12 W[] \OMS/cmsy/m/n/12 ^ :\OML/cmm/m/it/12 W[]\OT1/cmr/m/n/12 ) \OMS/cmsy/m/n/12 _ \OT1/cmr/m/n/12 (\OMS/cmsy/m/n/12 :\OML/cmm/m/it/12 W[]; \OMS/cmsy/m/n/12 ^\OML/cmm/m/it/12 W[] \OMS/cmsy/m/n/12 ^ :\OML/cmm/m/it/12 W[] \OMS/cmsy/m/n/12 ^ :\OML/cmm/m/it/12 W[] \OMS/cmsy/m/n/12 ^ :\OML/cmm/m/it/12 W[]; \OMS/cmsy/m/n/12 ^:\OML/cmm/m/it/12 W[] \OMS/cmsy/m/n/12 ^
 []


Overfull \hbox (5.35815pt too wide) in paragraph at lines 165--230
\OMS/cmsy/m/n/12 :\OML/cmm/m/it/12 W[] \OMS/cmsy/m/n/12 ^ :\OML/cmm/m/it/12 W[] \OMS/cmsy/m/n/12 ^ :\OML/cmm/m/it/12 W[]; \OMS/cmsy/m/n/12 ^:\OML/cmm/m/it/12 W[] \OMS/cmsy/m/n/12 ^ :\OML/cmm/m/it/12 W[] \OMS/cmsy/m/n/12 ^ :\OML/cmm/m/it/12 W[] \OMS/cmsy/m/n/12 ^ :\OML/cmm/m/it/12 W[]; \OMS/cmsy/m/n/12 ^:\OML/cmm/m/it/12 W[] \OMS/cmsy/m/n/12 ^
 []


Overfull \hbox (6.49693pt too wide) in paragraph at lines 165--230
\OMS/cmsy/m/n/12 :\OML/cmm/m/it/12 W[] \OMS/cmsy/m/n/12 ^ :\OML/cmm/m/it/12 W[]\OT1/cmr/m/n/12 ) \OMS/cmsy/m/n/12 _ \OT1/cmr/m/n/12 (\OMS/cmsy/m/n/12 :\OML/cmm/m/it/12 W[]; \OMS/cmsy/m/n/12 ^:\OML/cmm/m/it/12 W[] \OMS/cmsy/m/n/12 ^ \OML/cmm/m/it/12 W[] \OMS/cmsy/m/n/12 ^ :\OML/cmm/m/it/12 W[] \OMS/cmsy/m/n/12 ^ :\OML/cmm/m/it/12 W[]; \OMS/cmsy/m/n/12 ^:\OML/cmm/m/it/12 W[] \OMS/cmsy/m/n/12 ^
 []


Overfull \hbox (5.35815pt too wide) in paragraph at lines 165--230
\OMS/cmsy/m/n/12 :\OML/cmm/m/it/12 W[] \OMS/cmsy/m/n/12 ^ :\OML/cmm/m/it/12 W[] \OMS/cmsy/m/n/12 ^ :\OML/cmm/m/it/12 W[]; \OMS/cmsy/m/n/12 ^:\OML/cmm/m/it/12 W[] \OMS/cmsy/m/n/12 ^ :\OML/cmm/m/it/12 W[] \OMS/cmsy/m/n/12 ^ :\OML/cmm/m/it/12 W[] \OMS/cmsy/m/n/12 ^ :\OML/cmm/m/it/12 W[]; \OMS/cmsy/m/n/12 ^:\OML/cmm/m/it/12 W[] \OMS/cmsy/m/n/12 ^
 []


Overfull \hbox (6.49693pt too wide) in paragraph at lines 165--230
\OMS/cmsy/m/n/12 :\OML/cmm/m/it/12 W[] \OMS/cmsy/m/n/12 ^ :\OML/cmm/m/it/12 W[]\OT1/cmr/m/n/12 ) \OMS/cmsy/m/n/12 _ \OT1/cmr/m/n/12 (\OMS/cmsy/m/n/12 :\OML/cmm/m/it/12 W[]; \OMS/cmsy/m/n/12 ^:\OML/cmm/m/it/12 W[] \OMS/cmsy/m/n/12 ^ :\OML/cmm/m/it/12 W[] \OMS/cmsy/m/n/12 ^ \OML/cmm/m/it/12 W[] \OMS/cmsy/m/n/12 ^ :\OML/cmm/m/it/12 W[]; \OMS/cmsy/m/n/12 ^:\OML/cmm/m/it/12 W[] \OMS/cmsy/m/n/12 ^
 []


Overfull \hbox (5.35815pt too wide) in paragraph at lines 165--230
\OMS/cmsy/m/n/12 :\OML/cmm/m/it/12 W[] \OMS/cmsy/m/n/12 ^ :\OML/cmm/m/it/12 W[] \OMS/cmsy/m/n/12 ^ :\OML/cmm/m/it/12 W[]; \OMS/cmsy/m/n/12 ^:\OML/cmm/m/it/12 W[] \OMS/cmsy/m/n/12 ^ :\OML/cmm/m/it/12 W[] \OMS/cmsy/m/n/12 ^ :\OML/cmm/m/it/12 W[] \OMS/cmsy/m/n/12 ^ :\OML/cmm/m/it/12 W[]; \OMS/cmsy/m/n/12 ^:\OML/cmm/m/it/12 W[] \OMS/cmsy/m/n/12 ^
 []


Overfull \hbox (6.49693pt too wide) in paragraph at lines 165--230
\OMS/cmsy/m/n/12 :\OML/cmm/m/it/12 W[] \OMS/cmsy/m/n/12 ^ :\OML/cmm/m/it/12 W[]\OT1/cmr/m/n/12 ) \OMS/cmsy/m/n/12 _ \OT1/cmr/m/n/12 (\OMS/cmsy/m/n/12 :\OML/cmm/m/it/12 W[]; \OMS/cmsy/m/n/12 ^:\OML/cmm/m/it/12 W[] \OMS/cmsy/m/n/12 ^ :\OML/cmm/m/it/12 W[] \OMS/cmsy/m/n/12 ^ :\OML/cmm/m/it/12 W[] \OMS/cmsy/m/n/12 ^ \OML/cmm/m/it/12 W[]; \OMS/cmsy/m/n/12 ^:\OML/cmm/m/it/12 W[] \OMS/cmsy/m/n/12 ^
 []


Overfull \hbox (5.35815pt too wide) in paragraph at lines 165--230
\OMS/cmsy/m/n/12 :\OML/cmm/m/it/12 W[] \OMS/cmsy/m/n/12 ^ :\OML/cmm/m/it/12 W[] \OMS/cmsy/m/n/12 ^ :\OML/cmm/m/it/12 W[]; \OMS/cmsy/m/n/12 ^:\OML/cmm/m/it/12 W[] \OMS/cmsy/m/n/12 ^ :\OML/cmm/m/it/12 W[] \OMS/cmsy/m/n/12 ^ :\OML/cmm/m/it/12 W[] \OMS/cmsy/m/n/12 ^ :\OML/cmm/m/it/12 W[]; \OMS/cmsy/m/n/12 ^:\OML/cmm/m/it/12 W[] \OMS/cmsy/m/n/12 ^
 []


Overfull \hbox (6.49693pt too wide) in paragraph at lines 165--230
\OMS/cmsy/m/n/12 :\OML/cmm/m/it/12 W[] \OMS/cmsy/m/n/12 ^ :\OML/cmm/m/it/12 W[]\OT1/cmr/m/n/12 ) \OMS/cmsy/m/n/12 _ \OT1/cmr/m/n/12 (\OMS/cmsy/m/n/12 :\OML/cmm/m/it/12 W[]; \OMS/cmsy/m/n/12 ^:\OML/cmm/m/it/12 W[] \OMS/cmsy/m/n/12 ^ :\OML/cmm/m/it/12 W[] \OMS/cmsy/m/n/12 ^ :\OML/cmm/m/it/12 W[] \OMS/cmsy/m/n/12 ^ :\OML/cmm/m/it/12 W[]; \OMS/cmsy/m/n/12 ^\OML/cmm/m/it/12 W[] \OMS/cmsy/m/n/12 ^
 []


Overfull \hbox (5.35815pt too wide) in paragraph at lines 165--230
\OMS/cmsy/m/n/12 :\OML/cmm/m/it/12 W[] \OMS/cmsy/m/n/12 ^ :\OML/cmm/m/it/12 W[] \OMS/cmsy/m/n/12 ^ :\OML/cmm/m/it/12 W[]; \OMS/cmsy/m/n/12 ^:\OML/cmm/m/it/12 W[] \OMS/cmsy/m/n/12 ^ :\OML/cmm/m/it/12 W[] \OMS/cmsy/m/n/12 ^ :\OML/cmm/m/it/12 W[] \OMS/cmsy/m/n/12 ^ :\OML/cmm/m/it/12 W[]; \OMS/cmsy/m/n/12 ^:\OML/cmm/m/it/12 W[] \OMS/cmsy/m/n/12 ^
 []


Overfull \hbox (14.49695pt too wide) in paragraph at lines 165--230
\OMS/cmsy/m/n/12 :\OML/cmm/m/it/12 W[] \OMS/cmsy/m/n/12 ^ :\OML/cmm/m/it/12 W[]\OT1/cmr/m/n/12 ) \OMS/cmsy/m/n/12 _ \OT1/cmr/m/n/12 (\OMS/cmsy/m/n/12 :\OML/cmm/m/it/12 W[]; \OMS/cmsy/m/n/12 ^:\OML/cmm/m/it/12 W[] \OMS/cmsy/m/n/12 ^ :\OML/cmm/m/it/12 W[] \OMS/cmsy/m/n/12 ^ :\OML/cmm/m/it/12 W[] \OMS/cmsy/m/n/12 ^ :\OML/cmm/m/it/12 W[]; \OMS/cmsy/m/n/12 ^:\OML/cmm/m/it/12 W[] \OMS/cmsy/m/n/12 ^
 []


Overfull \hbox (14.49695pt too wide) in paragraph at lines 165--230
\OMS/cmsy/m/n/12 :\OML/cmm/m/it/12 W[] \OMS/cmsy/m/n/12 ^ :\OML/cmm/m/it/12 W[]\OT1/cmr/m/n/12 ) \OMS/cmsy/m/n/12 _ \OT1/cmr/m/n/12 (\OMS/cmsy/m/n/12 :\OML/cmm/m/it/12 W[]; \OMS/cmsy/m/n/12 ^:\OML/cmm/m/it/12 W[] \OMS/cmsy/m/n/12 ^ :\OML/cmm/m/it/12 W[] \OMS/cmsy/m/n/12 ^ :\OML/cmm/m/it/12 W[] \OMS/cmsy/m/n/12 ^ :\OML/cmm/m/it/12 W[]; \OMS/cmsy/m/n/12 ^:\OML/cmm/m/it/12 W[] \OMS/cmsy/m/n/12 ^
 []


Overfull \hbox (14.49695pt too wide) in paragraph at lines 165--230
\OMS/cmsy/m/n/12 :\OML/cmm/m/it/12 W[] \OMS/cmsy/m/n/12 ^ :\OML/cmm/m/it/12 W[]\OT1/cmr/m/n/12 ) \OMS/cmsy/m/n/12 _ \OT1/cmr/m/n/12 (\OMS/cmsy/m/n/12 :\OML/cmm/m/it/12 W[]; \OMS/cmsy/m/n/12 ^:\OML/cmm/m/it/12 W[] \OMS/cmsy/m/n/12 ^ :\OML/cmm/m/it/12 W[] \OMS/cmsy/m/n/12 ^ :\OML/cmm/m/it/12 W[] \OMS/cmsy/m/n/12 ^ :\OML/cmm/m/it/12 W[]; \OMS/cmsy/m/n/12 ^:\OML/cmm/m/it/12 W[] \OMS/cmsy/m/n/12 ^
 []


Overfull \hbox (14.49695pt too wide) in paragraph at lines 165--230
\OMS/cmsy/m/n/12 :\OML/cmm/m/it/12 W[] \OMS/cmsy/m/n/12 ^ :\OML/cmm/m/it/12 W[]\OT1/cmr/m/n/12 ) \OMS/cmsy/m/n/12 _ \OT1/cmr/m/n/12 (\OMS/cmsy/m/n/12 :\OML/cmm/m/it/12 W[]; \OMS/cmsy/m/n/12 ^:\OML/cmm/m/it/12 W[] \OMS/cmsy/m/n/12 ^ :\OML/cmm/m/it/12 W[] \OMS/cmsy/m/n/12 ^ :\OML/cmm/m/it/12 W[] \OMS/cmsy/m/n/12 ^ :\OML/cmm/m/it/12 W[]; \OMS/cmsy/m/n/12 ^:\OML/cmm/m/it/12 W[] \OMS/cmsy/m/n/12 ^
 []


Overfull \hbox (14.49695pt too wide) in paragraph at lines 165--230
\OMS/cmsy/m/n/12 :\OML/cmm/m/it/12 W[] \OMS/cmsy/m/n/12 ^ :\OML/cmm/m/it/12 W[]\OT1/cmr/m/n/12 ) \OMS/cmsy/m/n/12 _ \OT1/cmr/m/n/12 (\OMS/cmsy/m/n/12 :\OML/cmm/m/it/12 W[]; \OMS/cmsy/m/n/12 ^:\OML/cmm/m/it/12 W[] \OMS/cmsy/m/n/12 ^ :\OML/cmm/m/it/12 W[] \OMS/cmsy/m/n/12 ^ :\OML/cmm/m/it/12 W[] \OMS/cmsy/m/n/12 ^ :\OML/cmm/m/it/12 W[]; \OMS/cmsy/m/n/12 ^:\OML/cmm/m/it/12 W[] \OMS/cmsy/m/n/12 ^
 []


Overfull \hbox (14.49695pt too wide) in paragraph at lines 165--230
\OMS/cmsy/m/n/12 :\OML/cmm/m/it/12 W[] \OMS/cmsy/m/n/12 ^ :\OML/cmm/m/it/12 W[]\OT1/cmr/m/n/12 ) \OMS/cmsy/m/n/12 _ \OT1/cmr/m/n/12 (\OMS/cmsy/m/n/12 :\OML/cmm/m/it/12 W[]; \OMS/cmsy/m/n/12 ^:\OML/cmm/m/it/12 W[] \OMS/cmsy/m/n/12 ^ :\OML/cmm/m/it/12 W[] \OMS/cmsy/m/n/12 ^ :\OML/cmm/m/it/12 W[] \OMS/cmsy/m/n/12 ^ :\OML/cmm/m/it/12 W[]; \OMS/cmsy/m/n/12 ^:\OML/cmm/m/it/12 W[] \OMS/cmsy/m/n/12 ^
 []


Overfull \hbox (14.49695pt too wide) in paragraph at lines 165--230
\OMS/cmsy/m/n/12 :\OML/cmm/m/it/12 W[] \OMS/cmsy/m/n/12 ^ :\OML/cmm/m/it/12 W[]\OT1/cmr/m/n/12 ) \OMS/cmsy/m/n/12 _ \OT1/cmr/m/n/12 (\OMS/cmsy/m/n/12 :\OML/cmm/m/it/12 W[]; \OMS/cmsy/m/n/12 ^:\OML/cmm/m/it/12 W[] \OMS/cmsy/m/n/12 ^ :\OML/cmm/m/it/12 W[] \OMS/cmsy/m/n/12 ^ :\OML/cmm/m/it/12 W[] \OMS/cmsy/m/n/12 ^ :\OML/cmm/m/it/12 W[]; \OMS/cmsy/m/n/12 ^:\OML/cmm/m/it/12 W[] \OMS/cmsy/m/n/12 ^
 []


Overfull \hbox (14.49695pt too wide) in paragraph at lines 165--230
\OMS/cmsy/m/n/12 :\OML/cmm/m/it/12 W[] \OMS/cmsy/m/n/12 ^ :\OML/cmm/m/it/12 W[]\OT1/cmr/m/n/12 ) \OMS/cmsy/m/n/12 _ \OT1/cmr/m/n/12 (\OMS/cmsy/m/n/12 :\OML/cmm/m/it/12 W[]; \OMS/cmsy/m/n/12 ^:\OML/cmm/m/it/12 W[] \OMS/cmsy/m/n/12 ^ :\OML/cmm/m/it/12 W[] \OMS/cmsy/m/n/12 ^ :\OML/cmm/m/it/12 W[] \OMS/cmsy/m/n/12 ^ :\OML/cmm/m/it/12 W[]; \OMS/cmsy/m/n/12 ^:\OML/cmm/m/it/12 W[] \OMS/cmsy/m/n/12 ^
 []


Overfull \hbox (14.49695pt too wide) in paragraph at lines 165--230
\OMS/cmsy/m/n/12 :\OML/cmm/m/it/12 W[] \OMS/cmsy/m/n/12 ^ :\OML/cmm/m/it/12 W[]\OT1/cmr/m/n/12 ) \OMS/cmsy/m/n/12 _ \OT1/cmr/m/n/12 (\OMS/cmsy/m/n/12 :\OML/cmm/m/it/12 W[]; \OMS/cmsy/m/n/12 ^:\OML/cmm/m/it/12 W[] \OMS/cmsy/m/n/12 ^ :\OML/cmm/m/it/12 W[] \OMS/cmsy/m/n/12 ^ :\OML/cmm/m/it/12 W[] \OMS/cmsy/m/n/12 ^ :\OML/cmm/m/it/12 W[]; \OMS/cmsy/m/n/12 ^:\OML/cmm/m/it/12 W[] \OMS/cmsy/m/n/12 ^
 []


Overfull \hbox (5.35815pt too wide) in paragraph at lines 165--230
\OMS/cmsy/m/n/12 :\OML/cmm/m/it/12 W[] \OMS/cmsy/m/n/12 ^ :\OML/cmm/m/it/12 W[] \OMS/cmsy/m/n/12 ^ :\OML/cmm/m/it/12 W[]; \OMS/cmsy/m/n/12 ^:\OML/cmm/m/it/12 W[] \OMS/cmsy/m/n/12 ^ :\OML/cmm/m/it/12 W[] \OMS/cmsy/m/n/12 ^ :\OML/cmm/m/it/12 W[] \OMS/cmsy/m/n/12 ^ :\OML/cmm/m/it/12 W[]; \OMS/cmsy/m/n/12 ^:\OML/cmm/m/it/12 W[] \OMS/cmsy/m/n/12 ^
 []


Overfull \hbox (6.49693pt too wide) in paragraph at lines 165--230
\OML/cmm/m/it/12 W[] \OMS/cmsy/m/n/12 ^ :\OML/cmm/m/it/12 W[]\OT1/cmr/m/n/12 ) \OMS/cmsy/m/n/12 _ \OT1/cmr/m/n/12 (\OMS/cmsy/m/n/12 :\OML/cmm/m/it/12 W[]; \OMS/cmsy/m/n/12 ^:\OML/cmm/m/it/12 W[] \OMS/cmsy/m/n/12 ^ :\OML/cmm/m/it/12 W[] \OMS/cmsy/m/n/12 ^ :\OML/cmm/m/it/12 W[] \OMS/cmsy/m/n/12 ^ :\OML/cmm/m/it/12 W[]; \OMS/cmsy/m/n/12 ^:\OML/cmm/m/it/12 W[] \OMS/cmsy/m/n/12 ^
 []


Overfull \hbox (5.35815pt too wide) in paragraph at lines 165--230
\OMS/cmsy/m/n/12 :\OML/cmm/m/it/12 W[] \OMS/cmsy/m/n/12 ^ :\OML/cmm/m/it/12 W[] \OMS/cmsy/m/n/12 ^ :\OML/cmm/m/it/12 W[]; \OMS/cmsy/m/n/12 ^:\OML/cmm/m/it/12 W[] \OMS/cmsy/m/n/12 ^ :\OML/cmm/m/it/12 W[] \OMS/cmsy/m/n/12 ^ :\OML/cmm/m/it/12 W[] \OMS/cmsy/m/n/12 ^ :\OML/cmm/m/it/12 W[]; \OMS/cmsy/m/n/12 ^:\OML/cmm/m/it/12 W[] \OMS/cmsy/m/n/12 ^
 []

[4] [5] ("c:/Users\kumal\Documents\ASU Courses\CSE471\Homeworks\Homework 4\Homework4.aux") ) 
Here is how much of TeX's memory you used:
 1773 strings out of 479618
 25453 string characters out of 2865026
 316715 words of memory out of 3000000
 18963 multiletter control sequences out of 15000+200000
 410973 words of font info for 57 fonts, out of 3000000 for 9000
 1141 hyphenation exceptions out of 8191
 68i,6n,74p,253b,315s stack positions out of 5000i,500n,10000p,200000b,50000s
<C:/Users/kumal/AppData/Local/Programs/MiKTeX/fonts/type1/public/amsfonts/cm/cmmi12.pfb><C:/Users/kumal/AppData/Local/Programs/MiKTeX/fonts/type1/public/amsfonts/cm/cmmi8.pfb><C:/Users/kumal/AppData/Local/Programs/MiKTeX/fonts/type1/public/amsfonts/cm/cmr12.pfb><C:/Users/kumal/AppData/Local/Programs/MiKTeX/fonts/type1/public/amsfonts/cm/cmr17.pfb><C:/Users/kumal/AppData/Local/Programs/MiKTeX/fonts/type1/public/amsfonts/cm/cmr8.pfb><C:/Users/kumal/AppData/Local/Programs/MiKTeX/fonts/type1/public/amsfonts/cm/cmsy10.pfb>
Output written on "c:/Users\kumal\Documents\ASU Courses\CSE471\Homeworks\Homework 4\Homework4.pdf" (5 pages, 71343 bytes).
PDF statistics:
 42 PDF objects out of 1000 (max. 8388607)
 0 named destinations out of 1000 (max. 500000)
 1 words of extra memory for PDF output out of 10000 (max. 10000000)

