This is pdfTeX, Version 3.14159265-2.6-1.40.21 (MiKTeX 21.1) (preloaded format=pdflatex 2021.1.19)  17 FEB 2021 23:42
entering extended mode
**"c:/Users/kumal/Documents/ASU Courses/CSE471/Homeworks/Homework 3/Homework3.tex"
("c:/Users/kumal/Documents/ASU Courses/CSE471/Homeworks/Homework 3/Homework3.tex"
LaTeX2e <2020-10-01> patch level 4
L3 programming layer <2021-01-09> xparse <2020-03-03> (C:\Users\kumal\AppData\Local\Programs\MiKTeX\tex/latex/base\article.cls
Document Class: article 2020/04/10 v1.4m Standard LaTeX document class
(C:\Users\kumal\AppData\Local\Programs\MiKTeX\tex/latex/base\size12.clo
File: size12.clo 2020/04/10 v1.4m Standard LaTeX file (size option)
)
\c@part=\count177
\c@section=\count178
\c@subsection=\count179
\c@subsubsection=\count180
\c@paragraph=\count181
\c@subparagraph=\count182
\c@figure=\count183
\c@table=\count184
\abovecaptionskip=\skip47
\belowcaptionskip=\skip48
\bibindent=\dimen138
) (C:\Users\kumal\AppData\Local\Programs\MiKTeX\tex/latex/float\float.sty
Package: float 2001/11/08 v1.3d Float enhancements (AL)
\c@float@type=\count185
\float@exts=\toks15
\float@box=\box47
\@float@everytoks=\toks16
\@floatcapt=\box48
) (C:\Users\kumal\AppData\Local\Programs\MiKTeX\tex/latex/graphics\graphicx.sty
Package: graphicx 2020/09/09 v1.2b Enhanced LaTeX Graphics (DPC,SPQR)
 (C:\Users\kumal\AppData\Local\Programs\MiKTeX\tex/latex/graphics\keyval.sty
Package: keyval 2014/10/28 v1.15 key=value parser (DPC)
\KV@toks@=\toks17
) (C:\Users\kumal\AppData\Local\Programs\MiKTeX\tex/latex/graphics\graphics.sty
Package: graphics 2020/08/30 v1.4c Standard LaTeX Graphics (DPC,SPQR)
 (C:\Users\kumal\AppData\Local\Programs\MiKTeX\tex/latex/graphics\trig.sty
Package: trig 2016/01/03 v1.10 sin cos tan (DPC)
) (C:\Users\kumal\AppData\Local\Programs\MiKTeX\tex/latex/graphics-cfg\graphics.cfg
File: graphics.cfg 2016/06/04 v1.11 sample graphics configuration
)
Package graphics Info: Driver file: pdftex.def on input line 105.
 (C:\Users\kumal\AppData\Local\Programs\MiKTeX\tex/latex/graphics-def\pdftex.def
File: pdftex.def 2020/10/05 v1.2a Graphics/color driver for pdftex
))
\Gin@req@height=\dimen139
\Gin@req@width=\dimen140
) (C:\Users\kumal\AppData\Local\Programs\MiKTeX\tex/latex/amsfonts\amssymb.sty
Package: amssymb 2013/01/14 v3.01 AMS font symbols
 (C:\Users\kumal\AppData\Local\Programs\MiKTeX\tex/latex/amsfonts\amsfonts.sty
Package: amsfonts 2013/01/14 v3.01 Basic AMSFonts support
\@emptytoks=\toks18
\symAMSa=\mathgroup4
\symAMSb=\mathgroup5
LaTeX Font Info:    Redeclaring math symbol \hbar on input line 98.
LaTeX Font Info:    Overwriting math alphabet `\mathfrak' in version `bold'
(Font)                  U/euf/m/n --> U/euf/b/n on input line 106.
)) (C:\Users\kumal\AppData\Local\Programs\MiKTeX\tex/latex/l3backend\l3backend-pdftex.def
File: l3backend-pdftex.def 2021-01-09 L3 backend support: PDF output (pdfTeX)
\l__kernel_color_stack_int=\count186
\l__pdf_internal_box=\box49
) ("c:/Users\kumal\Documents\ASU Courses\CSE471\Homeworks\Homework 3\Homework3.aux")
\openout1 = `Homework3.aux'.

LaTeX Font Info:    Checking defaults for OML/cmm/m/it on input line 9.
LaTeX Font Info:    ... okay on input line 9.
LaTeX Font Info:    Checking defaults for OMS/cmsy/m/n on input line 9.
LaTeX Font Info:    ... okay on input line 9.
LaTeX Font Info:    Checking defaults for OT1/cmr/m/n on input line 9.
LaTeX Font Info:    ... okay on input line 9.
LaTeX Font Info:    Checking defaults for T1/cmr/m/n on input line 9.
LaTeX Font Info:    ... okay on input line 9.
LaTeX Font Info:    Checking defaults for TS1/cmr/m/n on input line 9.
LaTeX Font Info:    ... okay on input line 9.
LaTeX Font Info:    Checking defaults for OMX/cmex/m/n on input line 9.
LaTeX Font Info:    ... okay on input line 9.
LaTeX Font Info:    Checking defaults for U/cmr/m/n on input line 9.
LaTeX Font Info:    ... okay on input line 9.
 (C:\Users\kumal\AppData\Local\Programs\MiKTeX\tex/context/base/mkii\supp-pdf.mkii
[Loading MPS to PDF converter (version 2006.09.02).]
\scratchcounter=\count187
\scratchdimen=\dimen141
\scratchbox=\box50
\nofMPsegments=\count188
\nofMParguments=\count189
\everyMPshowfont=\toks19
\MPscratchCnt=\count190
\MPscratchDim=\dimen142
\MPnumerator=\count191
\makeMPintoPDFobject=\count192
\everyMPtoPDFconversion=\toks20
) (C:\Users\kumal\AppData\Local\Programs\MiKTeX\tex/latex/epstopdf-pkg\epstopdf-base.sty
Package: epstopdf-base 2020-01-24 v2.11 Base part for package epstopdf
Package epstopdf-base Info: Redefining graphics rule for `.eps' on input line 485.
)
LaTeX Font Info:    Trying to load font information for U+msa on input line 10.
 (C:\Users\kumal\AppData\Local\Programs\MiKTeX\tex/latex/amsfonts\umsa.fd
File: umsa.fd 2013/01/14 v3.01 AMS symbols A
)
LaTeX Font Info:    Trying to load font information for U+msb on input line 10.
 (C:\Users\kumal\AppData\Local\Programs\MiKTeX\tex/latex/amsfonts\umsb.fd
File: umsb.fd 2013/01/14 v3.01 AMS symbols B
)
<q1.a.png, id=1, 523.9575pt x 424.58624pt>
File: q1.a.png Graphic file (type png)
<use q1.a.png>
Package pdftex.def Info: q1.a.png  used on input line 19.
(pdftex.def)             Requested size: 390.0pt x 316.0418pt.

Underfull \hbox (badness 10000) in paragraph at lines 16--21

 []

<q1.b.png, id=2, 523.9575pt x 424.58624pt>
File: q1.b.png Graphic file (type png)
<use q1.b.png>
Package pdftex.def Info: q1.b.png  used on input line 26.
(pdftex.def)             Requested size: 390.0pt x 316.0418pt.

Underfull \hbox (badness 10000) in paragraph at lines 23--28

 []

[1

{C:/Users/kumal/AppData/Local/MiKTeX/pdftex/config/pdftex.map} <c:/Users/kumal/Documents/ASU Courses/CSE471/Homeworks/Homework 3/q1.a.png>]
<q1.c.png, id=9, 523.9575pt x 424.58624pt>
File: q1.c.png Graphic file (type png)
<use q1.c.png>
Package pdftex.def Info: q1.c.png  used on input line 36.
(pdftex.def)             Requested size: 390.0pt x 316.0418pt.

Underfull \hbox (badness 10000) in paragraph at lines 30--38

 []

[2 <c:/Users/kumal/Documents/ASU Courses/CSE471/Homeworks/Homework 3/q1.b.png>] [3 <c:/Users/kumal/Documents/ASU Courses/CSE471/Homeworks/Homework 3/q1.c.png>]
<q3.e.png, id=19, 1501.10812pt x 807.015pt>
File: q3.e.png Graphic file (type png)
<use q3.e.png>
Package pdftex.def Info: q3.e.png  used on input line 68.
(pdftex.def)             Requested size: 312.00119pt x 167.72955pt.
<q3.f.png, id=20, 1501.10812pt x 807.015pt>
File: q3.f.png Graphic file (type png)
<use q3.f.png>
Package pdftex.def Info: q3.f.png  used on input line 74.
(pdftex.def)             Requested size: 312.00119pt x 167.72955pt.
 [4 <c:/Users/kumal/Documents/ASU Courses/CSE471/Homeworks/Homework 3/q3.e.png>] [5 <c:/Users/kumal/Documents/ASU Courses/CSE471/Homeworks/Homework 3/q3.f.png>] [6] ("c:/Users\kumal\Documents\ASU Courses\CSE471\Homeworks\Homework 3\Homework3.aux") ) 
Here is how much of TeX's memory you used:
 1806 strings out of 479618
 25817 string characters out of 2865026
 294715 words of memory out of 3000000
 18990 multiletter control sequences out of 15000+200000
 410973 words of font info for 57 fonts, out of 3000000 for 9000
 1141 hyphenation exceptions out of 8191
 68i,6n,74p,261b,360s stack positions out of 5000i,500n,10000p,200000b,50000s
<C:/Users/kumal/AppData/Local/Programs/MiKTeX/fonts/type1/public/amsfonts/cm/cmex10.pfb><C:/Users/kumal/AppData/Local/Programs/MiKTeX/fonts/type1/public/amsfonts/cm/cmmi12.pfb><C:/Users/kumal/AppData/Local/Programs/MiKTeX/fonts/type1/public/amsfonts/cm/cmmi8.pfb><C:/Users/kumal/AppData/Local/Programs/MiKTeX/fonts/type1/public/amsfonts/cm/cmr12.pfb><C:/Users/kumal/AppData/Local/Programs/MiKTeX/fonts/type1/public/amsfonts/cm/cmr17.pfb><C:/Users/kumal/AppData/Local/Programs/MiKTeX/fonts/type1/public/amsfonts/cm/cmr8.pfb><C:/Users/kumal/AppData/Local/Programs/MiKTeX/fonts/type1/public/amsfonts/cm/cmsy10.pfb><C:/Users/kumal/AppData/Local/Programs/MiKTeX/fonts/type1/public/amsfonts/symbols/msbm10.pfb>
Output written on "c:/Users\kumal\Documents\ASU Courses\CSE471\Homeworks\Homework 3\Homework3.pdf" (6 pages, 146610 bytes).
PDF statistics:
 58 PDF objects out of 1000 (max. 8388607)
 0 named destinations out of 1000 (max. 500000)
 26 words of extra memory for PDF output out of 10000 (max. 10000000)

